<?xml version="1.0" encoding="UTF-8"?>
<testsuite xmlns:xsi="http://www.w3.org/2001/XMLSchema-instance" xsi:noNamespaceSchemaLocation="https://maven.apache.org/surefire/maven-surefire-plugin/xsd/surefire-test-report-3.0.xsd" version="3.0" name="runner.MyRunnerTest" time="127.203" tests="10" errors="0" skipped="0" failures="0">
  <properties>
    <property name="java.specification.version" value="19"/>
    <property name="sun.cpu.isalist" value="amd64"/>
    <property name="sun.jnu.encoding" value="Cp1252"/>
    <property name="java.class.path" value="D:\Eclipse\Cucumber\ATS_Cucumber_Proj\target\test-classes;D:\Eclipse\Cucumber\ATS_Cucumber_Proj\target\classes;C:\Users\Admin\.m2\repository\junit\junit\4.11\junit-4.11.jar;C:\Users\Admin\.m2\repository\org\hamcrest\hamcrest-core\1.3\hamcrest-core-1.3.jar;C:\Users\Admin\.m2\repository\io\cucumber\cucumber-java\7.12.1\cucumber-java-7.12.1.jar;C:\Users\Admin\.m2\repository\org\apiguardian\apiguardian-api\1.1.2\apiguardian-api-1.1.2.jar;C:\Users\Admin\.m2\repository\io\cucumber\cucumber-core\7.12.1\cucumber-core-7.12.1.jar;C:\Users\Admin\.m2\repository\io\cucumber\cucumber-gherkin\7.12.1\cucumber-gherkin-7.12.1.jar;C:\Users\Admin\.m2\repository\io\cucumber\cucumber-gherkin-messages\7.12.1\cucumber-gherkin-messages-7.12.1.jar;C:\Users\Admin\.m2\repository\io\cucumber\gherkin\26.2.0\gherkin-26.2.0.jar;C:\Users\Admin\.m2\repository\io\cucumber\messages\22.0.0\messages-22.0.0.jar;C:\Users\Admin\.m2\repository\io\cucumber\tag-expressions\5.0.1\tag-expressions-5.0.1.jar;C:\Users\Admin\.m2\repository\io\cucumber\cucumber-expressions\16.1.2\cucumber-expressions-16.1.2.jar;C:\Users\Admin\.m2\repository\io\cucumber\datatable\7.12.1\datatable-7.12.1.jar;C:\Users\Admin\.m2\repository\io\cucumber\cucumber-plugin\7.12.1\cucumber-plugin-7.12.1.jar;C:\Users\Admin\.m2\repository\io\cucumber\docstring\7.12.1\docstring-7.12.1.jar;C:\Users\Admin\.m2\repository\io\cucumber\html-formatter\20.3.1\html-formatter-20.3.1.jar;C:\Users\Admin\.m2\repository\io\cucumber\junit-xml-formatter\0.2.0\junit-xml-formatter-0.2.0.jar;C:\Users\Admin\.m2\repository\io\cucumber\ci-environment\9.2.0\ci-environment-9.2.0.jar;C:\Users\Admin\.m2\repository\io\cucumber\cucumber-junit\7.12.1\cucumber-junit-7.12.1.jar;C:\Users\Admin\.m2\repository\org\seleniumhq\selenium\selenium-java\4.10.0\selenium-java-4.10.0.jar;C:\Users\Admin\.m2\repository\org\seleniumhq\selenium\selenium-api\4.10.0\selenium-api-4.10.0.jar;C:\Users\Admin\.m2\repository\org\seleniumhq\selenium\selenium-chrome-driver\4.10.0\selenium-chrome-driver-4.10.0.jar;C:\Users\Admin\.m2\repository\com\google\auto\service\auto-service-annotations\1.0.1\auto-service-annotations-1.0.1.jar;C:\Users\Admin\.m2\repository\com\google\auto\service\auto-service\1.0.1\auto-service-1.0.1.jar;C:\Users\Admin\.m2\repository\com\google\auto\auto-common\1.2\auto-common-1.2.jar;C:\Users\Admin\.m2\repository\com\google\guava\guava\31.1-jre\guava-31.1-jre.jar;C:\Users\Admin\.m2\repository\com\google\guava\failureaccess\1.0.1\failureaccess-1.0.1.jar;C:\Users\Admin\.m2\repository\com\google\guava\listenablefuture\9999.0-empty-to-avoid-conflict-with-guava\listenablefuture-9999.0-empty-to-avoid-conflict-with-guava.jar;C:\Users\Admin\.m2\repository\com\google\code\findbugs\jsr305\3.0.2\jsr305-3.0.2.jar;C:\Users\Admin\.m2\repository\org\checkerframework\checker-qual\3.12.0\checker-qual-3.12.0.jar;C:\Users\Admin\.m2\repository\com\google\errorprone\error_prone_annotations\2.11.0\error_prone_annotations-2.11.0.jar;C:\Users\Admin\.m2\repository\com\google\j2objc\j2objc-annotations\1.3\j2objc-annotations-1.3.jar;C:\Users\Admin\.m2\repository\org\seleniumhq\selenium\selenium-chromium-driver\4.10.0\selenium-chromium-driver-4.10.0.jar;C:\Users\Admin\.m2\repository\org\seleniumhq\selenium\selenium-json\4.10.0\selenium-json-4.10.0.jar;C:\Users\Admin\.m2\repository\org\seleniumhq\selenium\selenium-manager\4.10.0\selenium-manager-4.10.0.jar;C:\Users\Admin\.m2\repository\org\seleniumhq\selenium\selenium-devtools-v112\4.10.0\selenium-devtools-v112-4.10.0.jar;C:\Users\Admin\.m2\repository\org\seleniumhq\selenium\selenium-devtools-v113\4.10.0\selenium-devtools-v113-4.10.0.jar;C:\Users\Admin\.m2\repository\org\seleniumhq\selenium\selenium-devtools-v114\4.10.0\selenium-devtools-v114-4.10.0.jar;C:\Users\Admin\.m2\repository\org\seleniumhq\selenium\selenium-devtools-v85\4.10.0\selenium-devtools-v85-4.10.0.jar;C:\Users\Admin\.m2\repository\org\seleniumhq\selenium\selenium-edge-driver\4.10.0\selenium-edge-driver-4.10.0.jar;C:\Users\Admin\.m2\repository\org\seleniumhq\selenium\selenium-firefox-driver\4.10.0\selenium-firefox-driver-4.10.0.jar;C:\Users\Admin\.m2\repository\org\seleniumhq\selenium\selenium-http\4.10.0\selenium-http-4.10.0.jar;C:\Users\Admin\.m2\repository\dev\failsafe\failsafe\3.3.1\failsafe-3.3.1.jar;C:\Users\Admin\.m2\repository\org\seleniumhq\selenium\selenium-ie-driver\4.10.0\selenium-ie-driver-4.10.0.jar;C:\Users\Admin\.m2\repository\org\seleniumhq\selenium\selenium-remote-driver\4.10.0\selenium-remote-driver-4.10.0.jar;C:\Users\Admin\.m2\repository\io\netty\netty-buffer\4.1.92.Final\netty-buffer-4.1.92.Final.jar;C:\Users\Admin\.m2\repository\io\netty\netty-codec-http\4.1.92.Final\netty-codec-http-4.1.92.Final.jar;C:\Users\Admin\.m2\repository\io\netty\netty-codec\4.1.92.Final\netty-codec-4.1.92.Final.jar;C:\Users\Admin\.m2\repository\io\netty\netty-handler\4.1.92.Final\netty-handler-4.1.92.Final.jar;C:\Users\Admin\.m2\repository\io\netty\netty-common\4.1.92.Final\netty-common-4.1.92.Final.jar;C:\Users\Admin\.m2\repository\io\netty\netty-transport-classes-epoll\4.1.92.Final\netty-transport-classes-epoll-4.1.92.Final.jar;C:\Users\Admin\.m2\repository\io\netty\netty-transport-classes-kqueue\4.1.92.Final\netty-transport-classes-kqueue-4.1.92.Final.jar;C:\Users\Admin\.m2\repository\io\netty\netty-transport-native-epoll\4.1.92.Final\netty-transport-native-epoll-4.1.92.Final.jar;C:\Users\Admin\.m2\repository\io\netty\netty-transport-native-kqueue\4.1.92.Final\netty-transport-native-kqueue-4.1.92.Final.jar;C:\Users\Admin\.m2\repository\io\netty\netty-transport-native-unix-common\4.1.92.Final\netty-transport-native-unix-common-4.1.92.Final.jar;C:\Users\Admin\.m2\repository\io\netty\netty-transport\4.1.92.Final\netty-transport-4.1.92.Final.jar;C:\Users\Admin\.m2\repository\io\netty\netty-resolver\4.1.92.Final\netty-resolver-4.1.92.Final.jar;C:\Users\Admin\.m2\repository\io\opentelemetry\opentelemetry-api\1.26.0\opentelemetry-api-1.26.0.jar;C:\Users\Admin\.m2\repository\io\opentelemetry\opentelemetry-context\1.26.0\opentelemetry-context-1.26.0.jar;C:\Users\Admin\.m2\repository\io\opentelemetry\opentelemetry-exporter-logging\1.26.0\opentelemetry-exporter-logging-1.26.0.jar;C:\Users\Admin\.m2\repository\io\opentelemetry\opentelemetry-sdk-metrics\1.26.0\opentelemetry-sdk-metrics-1.26.0.jar;C:\Users\Admin\.m2\repository\io\opentelemetry\opentelemetry-extension-incubator\1.26.0-alpha\opentelemetry-extension-incubator-1.26.0-alpha.jar;C:\Users\Admin\.m2\repository\io\opentelemetry\opentelemetry-sdk-logs\1.26.0-alpha\opentelemetry-sdk-logs-1.26.0-alpha.jar;C:\Users\Admin\.m2\repository\io\opentelemetry\opentelemetry-api-logs\1.26.0-alpha\opentelemetry-api-logs-1.26.0-alpha.jar;C:\Users\Admin\.m2\repository\io\opentelemetry\opentelemetry-api-events\1.26.0-alpha\opentelemetry-api-events-1.26.0-alpha.jar;C:\Users\Admin\.m2\repository\io\opentelemetry\opentelemetry-sdk-common\1.26.0\opentelemetry-sdk-common-1.26.0.jar;C:\Users\Admin\.m2\repository\io\opentelemetry\opentelemetry-sdk-extension-autoconfigure-spi\1.26.0\opentelemetry-sdk-extension-autoconfigure-spi-1.26.0.jar;C:\Users\Admin\.m2\repository\io\opentelemetry\opentelemetry-sdk-extension-autoconfigure\1.26.0-alpha\opentelemetry-sdk-extension-autoconfigure-1.26.0-alpha.jar;C:\Users\Admin\.m2\repository\io\opentelemetry\opentelemetry-sdk-trace\1.26.0\opentelemetry-sdk-trace-1.26.0.jar;C:\Users\Admin\.m2\repository\io\opentelemetry\opentelemetry-sdk\1.26.0\opentelemetry-sdk-1.26.0.jar;C:\Users\Admin\.m2\repository\io\opentelemetry\opentelemetry-semconv\1.26.0-alpha\opentelemetry-semconv-1.26.0-alpha.jar;C:\Users\Admin\.m2\repository\net\bytebuddy\byte-buddy\1.14.4\byte-buddy-1.14.4.jar;C:\Users\Admin\.m2\repository\org\apache\commons\commons-exec\1.3\commons-exec-1.3.jar;C:\Users\Admin\.m2\repository\org\asynchttpclient\async-http-client\2.12.3\async-http-client-2.12.3.jar;C:\Users\Admin\.m2\repository\org\asynchttpclient\async-http-client-netty-utils\2.12.3\async-http-client-netty-utils-2.12.3.jar;C:\Users\Admin\.m2\repository\io\netty\netty-codec-socks\4.1.60.Final\netty-codec-socks-4.1.60.Final.jar;C:\Users\Admin\.m2\repository\io\netty\netty-handler-proxy\4.1.60.Final\netty-handler-proxy-4.1.60.Final.jar;C:\Users\Admin\.m2\repository\io\netty\netty-transport-native-epoll\4.1.60.Final\netty-transport-native-epoll-4.1.60.Final-linux-x86_64.jar;C:\Users\Admin\.m2\repository\io\netty\netty-transport-native-kqueue\4.1.60.Final\netty-transport-native-kqueue-4.1.60.Final-osx-x86_64.jar;C:\Users\Admin\.m2\repository\org\reactivestreams\reactive-streams\1.0.3\reactive-streams-1.0.3.jar;C:\Users\Admin\.m2\repository\com\typesafe\netty\netty-reactive-streams\2.0.4\netty-reactive-streams-2.0.4.jar;C:\Users\Admin\.m2\repository\org\slf4j\slf4j-api\1.7.30\slf4j-api-1.7.30.jar;C:\Users\Admin\.m2\repository\com\sun\activation\jakarta.activation\1.2.2\jakarta.activation-1.2.2.jar;C:\Users\Admin\.m2\repository\org\seleniumhq\selenium\selenium-safari-driver\4.10.0\selenium-safari-driver-4.10.0.jar;C:\Users\Admin\.m2\repository\org\seleniumhq\selenium\selenium-support\4.10.0\selenium-support-4.10.0.jar;"/>
    <property name="java.vm.vendor" value="Oracle Corporation"/>
    <property name="sun.arch.data.model" value="64"/>
    <property name="user.variant" value=""/>
    <property name="java.vendor.url" value="https://java.oracle.com/"/>
    <property name="user.timezone" value="Asia/Calcutta"/>
    <property name="os.name" value="Windows 10"/>
    <property name="java.vm.specification.version" value="19"/>
    <property name="sun.java.launcher" value="SUN_STANDARD"/>
    <property name="user.country" value="US"/>
    <property name="sun.boot.library.path" value="C:\Program Files\Java\bin"/>
    <property name="sun.java.command" value="C:\Users\Admin\AppData\Local\Temp\surefire2937271106618322254\surefirebooter-20230709145115411_3.jar C:\Users\Admin\AppData\Local\Temp\surefire2937271106618322254 2023-07-09T14-51-15_073-jvmRun1 surefire-20230709145115411_1tmp surefire_0-20230709145115411_2tmp"/>
    <property name="jdk.debug" value="release"/>
    <property name="surefire.test.class.path" value="D:\Eclipse\Cucumber\ATS_Cucumber_Proj\target\test-classes;D:\Eclipse\Cucumber\ATS_Cucumber_Proj\target\classes;C:\Users\Admin\.m2\repository\junit\junit\4.11\junit-4.11.jar;C:\Users\Admin\.m2\repository\org\hamcrest\hamcrest-core\1.3\hamcrest-core-1.3.jar;C:\Users\Admin\.m2\repository\io\cucumber\cucumber-java\7.12.1\cucumber-java-7.12.1.jar;C:\Users\Admin\.m2\repository\org\apiguardian\apiguardian-api\1.1.2\apiguardian-api-1.1.2.jar;C:\Users\Admin\.m2\repository\io\cucumber\cucumber-core\7.12.1\cucumber-core-7.12.1.jar;C:\Users\Admin\.m2\repository\io\cucumber\cucumber-gherkin\7.12.1\cucumber-gherkin-7.12.1.jar;C:\Users\Admin\.m2\repository\io\cucumber\cucumber-gherkin-messages\7.12.1\cucumber-gherkin-messages-7.12.1.jar;C:\Users\Admin\.m2\repository\io\cucumber\gherkin\26.2.0\gherkin-26.2.0.jar;C:\Users\Admin\.m2\repository\io\cucumber\messages\22.0.0\messages-22.0.0.jar;C:\Users\Admin\.m2\repository\io\cucumber\tag-expressions\5.0.1\tag-expressions-5.0.1.jar;C:\Users\Admin\.m2\repository\io\cucumber\cucumber-expressions\16.1.2\cucumber-expressions-16.1.2.jar;C:\Users\Admin\.m2\repository\io\cucumber\datatable\7.12.1\datatable-7.12.1.jar;C:\Users\Admin\.m2\repository\io\cucumber\cucumber-plugin\7.12.1\cucumber-plugin-7.12.1.jar;C:\Users\Admin\.m2\repository\io\cucumber\docstring\7.12.1\docstring-7.12.1.jar;C:\Users\Admin\.m2\repository\io\cucumber\html-formatter\20.3.1\html-formatter-20.3.1.jar;C:\Users\Admin\.m2\repository\io\cucumber\junit-xml-formatter\0.2.0\junit-xml-formatter-0.2.0.jar;C:\Users\Admin\.m2\repository\io\cucumber\ci-environment\9.2.0\ci-environment-9.2.0.jar;C:\Users\Admin\.m2\repository\io\cucumber\cucumber-junit\7.12.1\cucumber-junit-7.12.1.jar;C:\Users\Admin\.m2\repository\org\seleniumhq\selenium\selenium-java\4.10.0\selenium-java-4.10.0.jar;C:\Users\Admin\.m2\repository\org\seleniumhq\selenium\selenium-api\4.10.0\selenium-api-4.10.0.jar;C:\Users\Admin\.m2\repository\org\seleniumhq\selenium\selenium-chrome-driver\4.10.0\selenium-chrome-driver-4.10.0.jar;C:\Users\Admin\.m2\repository\com\google\auto\service\auto-service-annotations\1.0.1\auto-service-annotations-1.0.1.jar;C:\Users\Admin\.m2\repository\com\google\auto\service\auto-service\1.0.1\auto-service-1.0.1.jar;C:\Users\Admin\.m2\repository\com\google\auto\auto-common\1.2\auto-common-1.2.jar;C:\Users\Admin\.m2\repository\com\google\guava\guava\31.1-jre\guava-31.1-jre.jar;C:\Users\Admin\.m2\repository\com\google\guava\failureaccess\1.0.1\failureaccess-1.0.1.jar;C:\Users\Admin\.m2\repository\com\google\guava\listenablefuture\9999.0-empty-to-avoid-conflict-with-guava\listenablefuture-9999.0-empty-to-avoid-conflict-with-guava.jar;C:\Users\Admin\.m2\repository\com\google\code\findbugs\jsr305\3.0.2\jsr305-3.0.2.jar;C:\Users\Admin\.m2\repository\org\checkerframework\checker-qual\3.12.0\checker-qual-3.12.0.jar;C:\Users\Admin\.m2\repository\com\google\errorprone\error_prone_annotations\2.11.0\error_prone_annotations-2.11.0.jar;C:\Users\Admin\.m2\repository\com\google\j2objc\j2objc-annotations\1.3\j2objc-annotations-1.3.jar;C:\Users\Admin\.m2\repository\org\seleniumhq\selenium\selenium-chromium-driver\4.10.0\selenium-chromium-driver-4.10.0.jar;C:\Users\Admin\.m2\repository\org\seleniumhq\selenium\selenium-json\4.10.0\selenium-json-4.10.0.jar;C:\Users\Admin\.m2\repository\org\seleniumhq\selenium\selenium-manager\4.10.0\selenium-manager-4.10.0.jar;C:\Users\Admin\.m2\repository\org\seleniumhq\selenium\selenium-devtools-v112\4.10.0\selenium-devtools-v112-4.10.0.jar;C:\Users\Admin\.m2\repository\org\seleniumhq\selenium\selenium-devtools-v113\4.10.0\selenium-devtools-v113-4.10.0.jar;C:\Users\Admin\.m2\repository\org\seleniumhq\selenium\selenium-devtools-v114\4.10.0\selenium-devtools-v114-4.10.0.jar;C:\Users\Admin\.m2\repository\org\seleniumhq\selenium\selenium-devtools-v85\4.10.0\selenium-devtools-v85-4.10.0.jar;C:\Users\Admin\.m2\repository\org\seleniumhq\selenium\selenium-edge-driver\4.10.0\selenium-edge-driver-4.10.0.jar;C:\Users\Admin\.m2\repository\org\seleniumhq\selenium\selenium-firefox-driver\4.10.0\selenium-firefox-driver-4.10.0.jar;C:\Users\Admin\.m2\repository\org\seleniumhq\selenium\selenium-http\4.10.0\selenium-http-4.10.0.jar;C:\Users\Admin\.m2\repository\dev\failsafe\failsafe\3.3.1\failsafe-3.3.1.jar;C:\Users\Admin\.m2\repository\org\seleniumhq\selenium\selenium-ie-driver\4.10.0\selenium-ie-driver-4.10.0.jar;C:\Users\Admin\.m2\repository\org\seleniumhq\selenium\selenium-remote-driver\4.10.0\selenium-remote-driver-4.10.0.jar;C:\Users\Admin\.m2\repository\io\netty\netty-buffer\4.1.92.Final\netty-buffer-4.1.92.Final.jar;C:\Users\Admin\.m2\repository\io\netty\netty-codec-http\4.1.92.Final\netty-codec-http-4.1.92.Final.jar;C:\Users\Admin\.m2\repository\io\netty\netty-codec\4.1.92.Final\netty-codec-4.1.92.Final.jar;C:\Users\Admin\.m2\repository\io\netty\netty-handler\4.1.92.Final\netty-handler-4.1.92.Final.jar;C:\Users\Admin\.m2\repository\io\netty\netty-common\4.1.92.Final\netty-common-4.1.92.Final.jar;C:\Users\Admin\.m2\repository\io\netty\netty-transport-classes-epoll\4.1.92.Final\netty-transport-classes-epoll-4.1.92.Final.jar;C:\Users\Admin\.m2\repository\io\netty\netty-transport-classes-kqueue\4.1.92.Final\netty-transport-classes-kqueue-4.1.92.Final.jar;C:\Users\Admin\.m2\repository\io\netty\netty-transport-native-epoll\4.1.92.Final\netty-transport-native-epoll-4.1.92.Final.jar;C:\Users\Admin\.m2\repository\io\netty\netty-transport-native-kqueue\4.1.92.Final\netty-transport-native-kqueue-4.1.92.Final.jar;C:\Users\Admin\.m2\repository\io\netty\netty-transport-native-unix-common\4.1.92.Final\netty-transport-native-unix-common-4.1.92.Final.jar;C:\Users\Admin\.m2\repository\io\netty\netty-transport\4.1.92.Final\netty-transport-4.1.92.Final.jar;C:\Users\Admin\.m2\repository\io\netty\netty-resolver\4.1.92.Final\netty-resolver-4.1.92.Final.jar;C:\Users\Admin\.m2\repository\io\opentelemetry\opentelemetry-api\1.26.0\opentelemetry-api-1.26.0.jar;C:\Users\Admin\.m2\repository\io\opentelemetry\opentelemetry-context\1.26.0\opentelemetry-context-1.26.0.jar;C:\Users\Admin\.m2\repository\io\opentelemetry\opentelemetry-exporter-logging\1.26.0\opentelemetry-exporter-logging-1.26.0.jar;C:\Users\Admin\.m2\repository\io\opentelemetry\opentelemetry-sdk-metrics\1.26.0\opentelemetry-sdk-metrics-1.26.0.jar;C:\Users\Admin\.m2\repository\io\opentelemetry\opentelemetry-extension-incubator\1.26.0-alpha\opentelemetry-extension-incubator-1.26.0-alpha.jar;C:\Users\Admin\.m2\repository\io\opentelemetry\opentelemetry-sdk-logs\1.26.0-alpha\opentelemetry-sdk-logs-1.26.0-alpha.jar;C:\Users\Admin\.m2\repository\io\opentelemetry\opentelemetry-api-logs\1.26.0-alpha\opentelemetry-api-logs-1.26.0-alpha.jar;C:\Users\Admin\.m2\repository\io\opentelemetry\opentelemetry-api-events\1.26.0-alpha\opentelemetry-api-events-1.26.0-alpha.jar;C:\Users\Admin\.m2\repository\io\opentelemetry\opentelemetry-sdk-common\1.26.0\opentelemetry-sdk-common-1.26.0.jar;C:\Users\Admin\.m2\repository\io\opentelemetry\opentelemetry-sdk-extension-autoconfigure-spi\1.26.0\opentelemetry-sdk-extension-autoconfigure-spi-1.26.0.jar;C:\Users\Admin\.m2\repository\io\opentelemetry\opentelemetry-sdk-extension-autoconfigure\1.26.0-alpha\opentelemetry-sdk-extension-autoconfigure-1.26.0-alpha.jar;C:\Users\Admin\.m2\repository\io\opentelemetry\opentelemetry-sdk-trace\1.26.0\opentelemetry-sdk-trace-1.26.0.jar;C:\Users\Admin\.m2\repository\io\opentelemetry\opentelemetry-sdk\1.26.0\opentelemetry-sdk-1.26.0.jar;C:\Users\Admin\.m2\repository\io\opentelemetry\opentelemetry-semconv\1.26.0-alpha\opentelemetry-semconv-1.26.0-alpha.jar;C:\Users\Admin\.m2\repository\net\bytebuddy\byte-buddy\1.14.4\byte-buddy-1.14.4.jar;C:\Users\Admin\.m2\repository\org\apache\commons\commons-exec\1.3\commons-exec-1.3.jar;C:\Users\Admin\.m2\repository\org\asynchttpclient\async-http-client\2.12.3\async-http-client-2.12.3.jar;C:\Users\Admin\.m2\repository\org\asynchttpclient\async-http-client-netty-utils\2.12.3\async-http-client-netty-utils-2.12.3.jar;C:\Users\Admin\.m2\repository\io\netty\netty-codec-socks\4.1.60.Final\netty-codec-socks-4.1.60.Final.jar;C:\Users\Admin\.m2\repository\io\netty\netty-handler-proxy\4.1.60.Final\netty-handler-proxy-4.1.60.Final.jar;C:\Users\Admin\.m2\repository\io\netty\netty-transport-native-epoll\4.1.60.Final\netty-transport-native-epoll-4.1.60.Final-linux-x86_64.jar;C:\Users\Admin\.m2\repository\io\netty\netty-transport-native-kqueue\4.1.60.Final\netty-transport-native-kqueue-4.1.60.Final-osx-x86_64.jar;C:\Users\Admin\.m2\repository\org\reactivestreams\reactive-streams\1.0.3\reactive-streams-1.0.3.jar;C:\Users\Admin\.m2\repository\com\typesafe\netty\netty-reactive-streams\2.0.4\netty-reactive-streams-2.0.4.jar;C:\Users\Admin\.m2\repository\org\slf4j\slf4j-api\1.7.30\slf4j-api-1.7.30.jar;C:\Users\Admin\.m2\repository\com\sun\activation\jakarta.activation\1.2.2\jakarta.activation-1.2.2.jar;C:\Users\Admin\.m2\repository\org\seleniumhq\selenium\selenium-safari-driver\4.10.0\selenium-safari-driver-4.10.0.jar;C:\Users\Admin\.m2\repository\org\seleniumhq\selenium\selenium-support\4.10.0\selenium-support-4.10.0.jar;"/>
    <property name="sun.cpu.endian" value="little"/>
    <property name="user.home" value="C:\Users\Admin"/>
    <property name="user.language" value="en"/>
    <property name="java.specification.vendor" value="Oracle Corporation"/>
    <property name="java.version.date" value="2022-10-18"/>
    <property name="java.home" value="C:\Program Files\Java"/>
    <property name="file.separator" value="\"/>
    <property name="basedir" value="D:\Eclipse\Cucumber\ATS_Cucumber_Proj"/>
    <property name="java.vm.compressedOopsMode" value="32-bit"/>
    <property name="line.separator" value="&#10;"/>
    <property name="java.vm.specification.vendor" value="Oracle Corporation"/>
    <property name="java.specification.name" value="Java Platform API Specification"/>
    <property name="surefire.real.class.path" value="C:\Users\Admin\AppData\Local\Temp\surefire2937271106618322254\surefirebooter-20230709145115411_3.jar"/>
    <property name="user.script" value=""/>
    <property name="sun.management.compiler" value="HotSpot 64-Bit Tiered Compilers"/>
    <property name="java.runtime.version" value="19.0.1+10-21"/>
    <property name="user.name" value="Admin"/>
    <property name="stdout.encoding" value="Cp1252"/>
    <property name="path.separator" value=";"/>
    <property name="os.version" value="10.0"/>
    <property name="java.runtime.name" value="Java(TM) SE Runtime Environment"/>
    <property name="file.encoding" value="UTF-8"/>
    <property name="java.vm.name" value="Java HotSpot(TM) 64-Bit Server VM"/>
    <property name="localRepository" value="C:\Users\Admin\.m2\repository"/>
    <property name="java.vendor.url.bug" value="https://bugreport.java.com/bugreport/"/>
    <property name="java.io.tmpdir" value="C:\Users\Admin\AppData\Local\Temp\"/>
    <property name="java.version" value="19.0.1"/>
    <property name="user.dir" value="D:\Eclipse\Cucumber\ATS_Cucumber_Proj"/>
    <property name="os.arch" value="amd64"/>
    <property name="java.vm.specification.name" value="Java Virtual Machine Specification"/>
    <property name="sun.os.patch.level" value=""/>
    <property name="native.encoding" value="Cp1252"/>
    <property name="java.library.path" value="C:\Program Files\Java\bin;C:\WINDOWS\Sun\Java\bin;C:\WINDOWS\system32;C:\WINDOWS;D:\oracleexe\app\oracle\product\11.2.0\server\bin;C:\Program Files\Common Files\Oracle\Java\javapath;C:\WINDOWS\system32;C:\WINDOWS;C:\WINDOWS\System32\Wbem;C:\WINDOWS\System32\WindowsPowerShell\v1.0\;C:\WINDOWS\System32\OpenSSH\;D:\apache-maven-3.9.1\bin;C:\Program Files\Git\cmd;C:\Users\Admin\AppData\Local\Microsoft\WindowsApps;."/>
    <property name="java.vm.info" value="mixed mode, sharing"/>
    <property name="stderr.encoding" value="Cp1252"/>
    <property name="java.vendor" value="Oracle Corporation"/>
    <property name="java.vm.version" value="19.0.1+10-21"/>
    <property name="sun.io.unicode.encoding" value="UnicodeLittle"/>
    <property name="java.class.version" value="63.0"/>
  </properties>
  <testcase name="login with valid credentials #1" classname="Login functionality" time="14.385">
    <system-out><![CDATA[
Scenario Outline: login with valid credentials                      &amp#27;[90m# src/test/resources/features/Login.feature:11&amp#27;[0m
  &amp#27;[32mGiven &amp#27;[0m&amp#27;[32muser navigates to login page&amp#27;[0m                                &amp#27;[90m# stepDefinitions.Login.user_navigates_to_login_page()&amp#27;[0m
  &amp#27;[32mWhen &amp#27;[0m&amp#27;[32muser enters valid login name &amp#27;[0m&amp#27;[32m&amp#27;[1mabhi12345&amp#27;[0m&amp#27;[32m into login name field&amp#27;[0m &amp#27;[90m# stepDefinitions.Login.user_enters_valid_login_name_into_login_name_field(java.lang.String)&amp#27;[0m
  &amp#27;[32mAnd &amp#27;[0m&amp#27;[32muser enters valid password &amp#27;[0m&amp#27;[32m&amp#27;[1mabhi12345&amp#27;[0m&amp#27;[32m into password field&amp#27;[0m      &amp#27;[90m# stepDefinitions.Login.user_enters_valid_password_into_password_field(java.lang.String)&amp#27;[0m
  &amp#27;[32mAnd &amp#27;[0m&amp#27;[32muser clicks on login button&amp#27;[0m                                   &amp#27;[90m# stepDefinitions.Login.user_clicks_on_login_button()&amp#27;[0m
  &amp#27;[32mThen &amp#27;[0m&amp#27;[32muser gets login successfully&amp#27;[0m                                 &amp#27;[90m# stepDefinitions.Login.user_gets_login_successfully()&amp#27;[0m
]]></system-out>
    <system-err><![CDATA[Jul 09, 2023 2:51:18 PM org.openqa.selenium.remote.service.DriverService$Builder getLogOutput
INFO: Driver logs no longer sent to console by default; https://www.selenium.dev/documentation/webdriver/drivers/service/#setting-log-output
SLF4J: Failed to load class "org.slf4j.impl.StaticLoggerBinder".
SLF4J: Defaulting to no-operation (NOP) logger implementation
SLF4J: See http://www.slf4j.org/codes.html#StaticLoggerBinder for further details.
Jul 09, 2023 2:51:32 PM org.openqa.selenium.remote.http.WebSocket$Listener onError
WARNING: Connection reset
java.net.SocketException: Connection reset
	at java.base/sun.nio.ch.SocketChannelImpl.throwConnectionReset(SocketChannelImpl.java:401)
	at java.base/sun.nio.ch.SocketChannelImpl.read(SocketChannelImpl.java:434)
	at io.netty.buffer.PooledByteBuf.setBytes(PooledByteBuf.java:256)
	at io.netty.buffer.AbstractByteBuf.writeBytes(AbstractByteBuf.java:1132)
	at io.netty.channel.socket.nio.NioSocketChannel.doReadBytes(NioSocketChannel.java:357)
	at io.netty.channel.nio.AbstractNioByteChannel$NioByteUnsafe.read(AbstractNioByteChannel.java:151)
	at io.netty.channel.nio.NioEventLoop.processSelectedKey(NioEventLoop.java:788)
	at io.netty.channel.nio.NioEventLoop.processSelectedKeysOptimized(NioEventLoop.java:724)
	at io.netty.channel.nio.NioEventLoop.processSelectedKeys(NioEventLoop.java:650)
	at io.netty.channel.nio.NioEventLoop.run(NioEventLoop.java:562)
	at io.netty.util.concurrent.SingleThreadEventExecutor$4.run(SingleThreadEventExecutor.java:997)
	at io.netty.util.internal.ThreadExecutorMap$2.run(ThreadExecutorMap.java:74)
	at io.netty.util.concurrent.FastThreadLocalRunnable.run(FastThreadLocalRunnable.java:30)
	at java.base/java.lang.Thread.run(Thread.java:1589)

]]></system-err>
  </testcase>
  <testcase name="login with valid credentials #2" classname="Login functionality" time="9.846">
    <system-out><![CDATA[
Scenario Outline: login with valid credentials                    &amp#27;[90m# src/test/resources/features/Login.feature:12&amp#27;[0m
  &amp#27;[32mGiven &amp#27;[0m&amp#27;[32muser navigates to login page&amp#27;[0m                              &amp#27;[90m# stepDefinitions.Login.user_navigates_to_login_page()&amp#27;[0m
  &amp#27;[32mWhen &amp#27;[0m&amp#27;[32muser enters valid login name &amp#27;[0m&amp#27;[32m&amp#27;[1mabhi789&amp#27;[0m&amp#27;[32m into login name field&amp#27;[0m &amp#27;[90m# stepDefinitions.Login.user_enters_valid_login_name_into_login_name_field(java.lang.String)&amp#27;[0m
  &amp#27;[32mAnd &amp#27;[0m&amp#27;[32muser enters valid password &amp#27;[0m&amp#27;[32m&amp#27;[1mabhi789&amp#27;[0m&amp#27;[32m into password field&amp#27;[0m      &amp#27;[90m# stepDefinitions.Login.user_enters_valid_password_into_password_field(java.lang.String)&amp#27;[0m
  &amp#27;[32mAnd &amp#27;[0m&amp#27;[32muser clicks on login button&amp#27;[0m                                 &amp#27;[90m# stepDefinitions.Login.user_clicks_on_login_button()&amp#27;[0m
  &amp#27;[32mThen &amp#27;[0m&amp#27;[32muser gets login successfully&amp#27;[0m                               &amp#27;[90m# stepDefinitions.Login.user_gets_login_successfully()&amp#27;[0m
]]></system-out>
    <system-err><![CDATA[Jul 09, 2023 2:51:32 PM org.openqa.selenium.remote.service.DriverService$Builder getLogOutput
INFO: Driver logs no longer sent to console by default; https://www.selenium.dev/documentation/webdriver/drivers/service/#setting-log-output
]]></system-err>
  </testcase>
  <testcase name="login with valid credentials #3" classname="Login functionality" time="9.968">
    <system-out><![CDATA[
Scenario Outline: login with valid credentials                   &amp#27;[90m# src/test/resources/features/Login.feature:13&amp#27;[0m
  &amp#27;[32mGiven &amp#27;[0m&amp#27;[32muser navigates to login page&amp#27;[0m                             &amp#27;[90m# stepDefinitions.Login.user_navigates_to_login_page()&amp#27;[0m
  &amp#27;[32mWhen &amp#27;[0m&amp#27;[32muser enters valid login name &amp#27;[0m&amp#27;[32m&amp#27;[1mabhi10&amp#27;[0m&amp#27;[32m into login name field&amp#27;[0m &amp#27;[90m# stepDefinitions.Login.user_enters_valid_login_name_into_login_name_field(java.lang.String)&amp#27;[0m
  &amp#27;[32mAnd &amp#27;[0m&amp#27;[32muser enters valid password &amp#27;[0m&amp#27;[32m&amp#27;[1mabhi10&amp#27;[0m&amp#27;[32m into password field&amp#27;[0m      &amp#27;[90m# stepDefinitions.Login.user_enters_valid_password_into_password_field(java.lang.String)&amp#27;[0m
  &amp#27;[32mAnd &amp#27;[0m&amp#27;[32muser clicks on login button&amp#27;[0m                                &amp#27;[90m# stepDefinitions.Login.user_clicks_on_login_button()&amp#27;[0m
  &amp#27;[32mThen &amp#27;[0m&amp#27;[32muser gets login successfully&amp#27;[0m                              &amp#27;[90m# stepDefinitions.Login.user_gets_login_successfully()&amp#27;[0m
]]></system-out>
    <system-err><![CDATA[Jul 09, 2023 2:51:42 PM org.openqa.selenium.remote.service.DriverService$Builder getLogOutput
INFO: Driver logs no longer sent to console by default; https://www.selenium.dev/documentation/webdriver/drivers/service/#setting-log-output
]]></system-err>
  </testcase>
  <testcase name="login with invalid credentials" classname="Login functionality" time="11.557">
    <system-out><![CDATA[
Scenario: login with invalid credentials                              &amp#27;[90m# src/test/resources/features/Login.feature:15&amp#27;[0m
  &amp#27;[32mGiven &amp#27;[0m&amp#27;[32muser navigates to login page&amp#27;[0m                                  &amp#27;[90m# stepDefinitions.Login.user_navigates_to_login_page()&amp#27;[0m
  &amp#27;[32mAnd &amp#27;[0m&amp#27;[32muser enters invalid login name &amp#27;[0m&amp#27;[32m&amp#27;[1m"abhishek"&amp#27;[0m&amp#27;[32m into login name field&amp#27;[0m &amp#27;[90m# stepDefinitions.Login.user_enters_invalid_login_name_into_login_name_field(java.lang.String)&amp#27;[0m
  &amp#27;[32mAnd &amp#27;[0m&amp#27;[32muser enters invalid password &amp#27;[0m&amp#27;[32m&amp#27;[1m"12345"&amp#27;[0m&amp#27;[32m into password field&amp#27;[0m        &amp#27;[90m# stepDefinitions.Login.user_enters_invalid_password_into_password_field(java.lang.String)&amp#27;[0m
  &amp#27;[32mAnd &amp#27;[0m&amp#27;[32muser clicks on login button&amp#27;[0m                                     &amp#27;[90m# stepDefinitions.Login.user_clicks_on_login_button()&amp#27;[0m
  &amp#27;[32mThen &amp#27;[0m&amp#27;[32muser should get proper warning message&amp#27;[0m                         &amp#27;[90m# stepDefinitions.Login.user_should_get_proper_warning_message()&amp#27;[0m
]]></system-out>
    <system-err><![CDATA[Jul 09, 2023 2:51:52 PM org.openqa.selenium.remote.service.DriverService$Builder getLogOutput
INFO: Driver logs no longer sent to console by default; https://www.selenium.dev/documentation/webdriver/drivers/service/#setting-log-output
]]></system-err>
  </testcase>
  <testcase name="login without entering credentials" classname="Login functionality" time="10.027">
    <system-out><![CDATA[
Scenario: login without entering credentials  &amp#27;[90m# src/test/resources/features/Login.feature:22&amp#27;[0m
  &amp#27;[32mGiven &amp#27;[0m&amp#27;[32muser navigates to login page&amp#27;[0m          &amp#27;[90m# stepDefinitions.Login.user_navigates_to_login_page()&amp#27;[0m
  &amp#27;[32mAnd &amp#27;[0m&amp#27;[32muser clicks on login button&amp#27;[0m             &amp#27;[90m# stepDefinitions.Login.user_clicks_on_login_button()&amp#27;[0m
  &amp#27;[32mThen &amp#27;[0m&amp#27;[32muser should get proper warning message&amp#27;[0m &amp#27;[90m# stepDefinitions.Login.user_should_get_proper_warning_message()&amp#27;[0m
]]></system-out>
    <system-err><![CDATA[Jul 09, 2023 2:52:04 PM org.openqa.selenium.remote.service.DriverService$Builder getLogOutput
INFO: Driver logs no longer sent to console by default; https://www.selenium.dev/documentation/webdriver/drivers/service/#setting-log-output
]]></system-err>
  </testcase>
  <testcase name="user creates account by filling all fields" classname="Registration functionality" time="14.666">
    <system-out><![CDATA[
Scenario: user creates account by filling all fields    &amp#27;[90m# src/test/resources/features/Register.feature:3&amp#27;[0m
  &amp#27;[32mGiven &amp#27;[0m&amp#27;[32muser navigates to registration page&amp#27;[0m             &amp#27;[90m# stepDefinitions.Register.user_navigates_to_registration_page()&amp#27;[0m
  &amp#27;[32mWhen &amp#27;[0m&amp#27;[32muser enters below details into respective fields&amp#27;[0m &amp#27;[90m# stepDefinitions.Register.user_enters_below_details_into_respective_fields(io.cucumber.datatable.DataTable)&amp#27;[0m
    | firstname | abhi       |
    | lastname  | shek       |
    | telephone | 9090909090 |
    | fax       | 12345      |
    | company   | newtech    |
    | address1  | nashik     |
    | address2  | nashik     |
    | city      | NASHIK     |
    | zipcode   | 445566     |
    | password  | newpass    |
  &amp#27;[32mAnd &amp#27;[0m&amp#27;[32mclicks on respective country&amp#27;[0m                      &amp#27;[90m# stepDefinitions.Register.clicks_on_respective_country()&amp#27;[0m
  &amp#27;[32mAnd &amp#27;[0m&amp#27;[32mclicks on respective state&amp#27;[0m                        &amp#27;[90m# stepDefinitions.Register.clicks_on_respective_state()&amp#27;[0m
  &amp#27;[32mAnd &amp#27;[0m&amp#27;[32mclicks on yes for subscribe&amp#27;[0m                       &amp#27;[90m# stepDefinitions.Register.clicks_on_yes_for_subscribe()&amp#27;[0m
  &amp#27;[32mAnd &amp#27;[0m&amp#27;[32magrees to privacy policy&amp#27;[0m                          &amp#27;[90m# stepDefinitions.Register.agrees_to_privacy_policy()&amp#27;[0m
  &amp#27;[32mAnd &amp#27;[0m&amp#27;[32mclicks on continue button&amp#27;[0m                         &amp#27;[90m# stepDefinitions.Register.clicks_on_continue_button()&amp#27;[0m
  &amp#27;[32mThen &amp#27;[0m&amp#27;[32mnew user account should be created&amp#27;[0m               &amp#27;[90m# stepDefinitions.Register.new_user_account_should_be_created()&amp#27;[0m
]]></system-out>
    <system-err><![CDATA[Jul 09, 2023 2:52:14 PM org.openqa.selenium.remote.service.DriverService$Builder getLogOutput
INFO: Driver logs no longer sent to console by default; https://www.selenium.dev/documentation/webdriver/drivers/service/#setting-log-output
]]></system-err>
  </testcase>
  <testcase name="user creates account by filling duplicate login name" classname="Registration functionality" time="15.452">
    <system-out><![CDATA[
Scenario: user creates account by filling duplicate login name                    &amp#27;[90m# src/test/resources/features/Register.feature:25&amp#27;[0m
  &amp#27;[32mGiven &amp#27;[0m&amp#27;[32muser navigates to registration page&amp#27;[0m                                       &amp#27;[90m# stepDefinitions.Register.user_navigates_to_registration_page()&amp#27;[0m
  &amp#27;[32mWhen &amp#27;[0m&amp#27;[32muser enters below details into respective fields with duplicate login name&amp#27;[0m &amp#27;[90m# stepDefinitions.Register.user_enters_below_details_into_respective_fields_with_duplicate_login_name(io.cucumber.datatable.DataTable)&amp#27;[0m
    | firstname       | abhi       |
    | lastname        | shek       |
    | telephone       | 9090909090 |
    | fax             | 12345      |
    | company         | newtech    |
    | address1        | nashik     |
    | address2        | nashik     |
    | city            | NASHIK     |
    | zipcode         | 445566     |
    | loginName       | abhishek   |
    | password        | newpass    |
    | passwordConfirm | newpass    |
  &amp#27;[32mAnd &amp#27;[0m&amp#27;[32mclicks on respective country&amp#27;[0m                                                &amp#27;[90m# stepDefinitions.Register.clicks_on_respective_country()&amp#27;[0m
  &amp#27;[32mAnd &amp#27;[0m&amp#27;[32mclicks on respective state&amp#27;[0m                                                  &amp#27;[90m# stepDefinitions.Register.clicks_on_respective_state()&amp#27;[0m
  &amp#27;[32mAnd &amp#27;[0m&amp#27;[32mclicks on yes for subscribe&amp#27;[0m                                                 &amp#27;[90m# stepDefinitions.Register.clicks_on_yes_for_subscribe()&amp#27;[0m
  &amp#27;[32mAnd &amp#27;[0m&amp#27;[32magrees to privacy policy&amp#27;[0m                                                    &amp#27;[90m# stepDefinitions.Register.agrees_to_privacy_policy()&amp#27;[0m
  &amp#27;[32mAnd &amp#27;[0m&amp#27;[32mclicks on continue button&amp#27;[0m                                                   &amp#27;[90m# stepDefinitions.Register.clicks_on_continue_button()&amp#27;[0m
  &amp#27;[32mThen &amp#27;[0m&amp#27;[32mproper warning message gets displayed&amp#27;[0m                                      &amp#27;[90m# stepDefinitions.Register.proper_warning_message_gets_displayed()&amp#27;[0m
]]></system-out>
    <system-err><![CDATA[Jul 09, 2023 2:52:28 PM org.openqa.selenium.remote.service.DriverService$Builder getLogOutput
INFO: Driver logs no longer sent to console by default; https://www.selenium.dev/documentation/webdriver/drivers/service/#setting-log-output
]]></system-err>
  </testcase>
  <testcase name="user searches for a valid product" classname="Search functionality" time="8.908">
    <system-out><![CDATA[
Scenario: user searches for a valid product                      &amp#27;[90m# src/test/resources/features/Search.feature:3&amp#27;[0m
  &amp#27;[32mGiven &amp#27;[0m&amp#27;[32muser opens the application&amp#27;[0m                               &amp#27;[90m# stepDefinitions.Search.user_opens_the_application()&amp#27;[0m
  &amp#27;[32mWhen &amp#27;[0m&amp#27;[32muser enters valid product &amp#27;[0m&amp#27;[32m&amp#27;[1m"shoes"&amp#27;[0m&amp#27;[32m into Seach box field&amp#27;[0m    &amp#27;[90m# stepDefinitions.Search.user_enters_valid_product_into_seach_box_field(java.lang.String)&amp#27;[0m
  &amp#27;[32mAnd &amp#27;[0m&amp#27;[32muser clicks on Search button&amp#27;[0m                               &amp#27;[90m# stepDefinitions.Search.user_clicks_on_search_button()&amp#27;[0m
  &amp#27;[32mThen &amp#27;[0m&amp#27;[32muser should get valid product displayed in search results&amp#27;[0m &amp#27;[90m# stepDefinitions.Search.user_should_get_valid_product_displayed_in_search_results()&amp#27;[0m
]]></system-out>
    <system-err><![CDATA[Jul 09, 2023 2:52:44 PM org.openqa.selenium.remote.service.DriverService$Builder getLogOutput
INFO: Driver logs no longer sent to console by default; https://www.selenium.dev/documentation/webdriver/drivers/service/#setting-log-output
]]></system-err>
  </testcase>
  <testcase name="user searches for a invalid product" classname="Search functionality" time="9.78">
    <system-out><![CDATA[
Scenario: user searches for a invalid product                  &amp#27;[90m# src/test/resources/features/Search.feature:9&amp#27;[0m
  &amp#27;[32mGiven &amp#27;[0m&amp#27;[32muser opens the application&amp#27;[0m                             &amp#27;[90m# stepDefinitions.Search.user_opens_the_application()&amp#27;[0m
  &amp#27;[32mWhen &amp#27;[0m&amp#27;[32muser enters invalid product &amp#27;[0m&amp#27;[32m&amp#27;[1m"belt"&amp#27;[0m&amp#27;[32m into Seach box field&amp#27;[0m &amp#27;[90m# stepDefinitions.Search.user_enters_invalid_product_into_seach_box_field(java.lang.String)&amp#27;[0m
  &amp#27;[32mAnd &amp#27;[0m&amp#27;[32muser clicks on Search button&amp#27;[0m                             &amp#27;[90m# stepDefinitions.Search.user_clicks_on_search_button()&amp#27;[0m
  &amp#27;[32mThen &amp#27;[0m&amp#27;[32muser should get a message about no product matching&amp#27;[0m     &amp#27;[90m# stepDefinitions.Search.user_should_get_a_message_about_no_product_matching()&amp#27;[0m
]]></system-out>
    <system-err><![CDATA[Jul 09, 2023 2:52:53 PM org.openqa.selenium.remote.service.DriverService$Builder getLogOutput
INFO: Driver logs no longer sent to console by default; https://www.selenium.dev/documentation/webdriver/drivers/service/#setting-log-output
]]></system-err>
  </testcase>
  <testcase name="user searches without any product" classname="Search functionality" time="16.483">
    <system-out><![CDATA[
Scenario: user searches without any product                &amp#27;[90m# src/test/resources/features/Search.feature:15&amp#27;[0m
  &amp#27;[32mGiven &amp#27;[0m&amp#27;[32muser opens the application&amp#27;[0m                         &amp#27;[90m# stepDefinitions.Search.user_opens_the_application()&amp#27;[0m
  &amp#27;[32mAnd &amp#27;[0m&amp#27;[32muser clicks on Search button&amp#27;[0m                         &amp#27;[90m# stepDefinitions.Search.user_clicks_on_search_button()&amp#27;[0m
  &amp#27;[32mThen &amp#27;[0m&amp#27;[32muser should get a message about no product matching&amp#27;[0m &amp#27;[90m# stepDefinitions.Search.user_should_get_a_message_about_no_product_matching()&amp#27;[0m
]]></system-out>
    <system-err><![CDATA[Jul 09, 2023 2:53:02 PM org.openqa.selenium.remote.service.DriverService$Builder getLogOutput
INFO: Driver logs no longer sent to console by default; https://www.selenium.dev/documentation/webdriver/drivers/service/#setting-log-output
]]></system-err>
  </testcase>
</testsuite>